libdc1394 error: Failed to initialize libdc1394
I0730 00:19:52.223996  1917 caffe.cpp:217] Using GPUs 0
I0730 00:19:52.512886  1917 caffe.cpp:222] GPU 0: GRID K520
I0730 00:19:52.628016  1917 solver.cpp:48] Initializing solver from parameters: 
train_net: "/home/ubuntu/git/distracteddriver/nets/vgg16/VGG_ILSVRC_16_layers_train_val.prototxt"
test_net: "/home/ubuntu/git/distracteddriver/nets/vgg16/VGG_ILSVRC_16_layers_train_val.prototxt"
test_iter: 15
test_interval: 50
base_lr: 0.0001
display: 50
max_iter: 1200
lr_policy: "step"
gamma: 0.1
stepsize: 20000
snapshot: 200
snapshot_prefix: "/home/ubuntu/git/distracteddriver/snapshots/vgg16_0"
solver_mode: GPU
device_id: 0
train_state {
  level: 0
  stage: ""
}
iter_size: 1
type: "Adam"
I0730 00:19:52.628206  1917 solver.cpp:81] Creating training net from train_net file: /home/ubuntu/git/distracteddriver/nets/vgg16/VGG_ILSVRC_16_layers_train_val.prototxt
I0730 00:19:52.629322  1917 net.cpp:322] The NetState phase (0) differed from the phase (1) specified by a rule in layer data
I0730 00:19:52.629369  1917 net.cpp:322] The NetState phase (0) differed from the phase (1) specified by a rule in layer accuracy/top1
I0730 00:19:52.629381  1917 net.cpp:322] The NetState phase (0) differed from the phase (1) specified by a rule in layer accuracy/top5
I0730 00:19:52.629650  1917 net.cpp:58] Initializing net from parameters: 
name: "VGG_ILSVRC_16_layers"
state {
  phase: TRAIN
  level: 0
  stage: ""
}
layer {
  name: "data"
  type: "Data"
  top: "data"
  top: "label"
  include {
    phase: TRAIN
  }
  transform_param {
    mirror: false
    crop_size: 224
    mean_value: 104
    mean_value: 117
    mean_value: 123
  }
  data_param {
    source: "/home/ubuntu/distracteddriver/train_db"
    batch_size: 8
    backend: LMDB
  }
}
layer {
  name: "conv1_1"
  type: "Convolution"
  bottom: "data"
  top: "conv1_1"
  param {
    lr_mult: 0
    decay_mult: 1
  }
  param {
    lr_mult: 0
    decay_mult: 0
  }
  convolution_param {
    num_output: 64
    pad: 1
    kernel_size: 3
  }
}
layer {
  name: "relu1_1"
  type: "ReLU"
  bottom: "conv1_1"
  top: "conv1_1"
}
layer {
  name: "conv1_2"
  type: "Convolution"
  bottom: "conv1_1"
  top: "conv1_2"
  param {
    lr_mult: 0
    decay_mult: 1
  }
  param {
    lr_mult: 0
    decay_mult: 0
  }
  convolution_param {
    num_output: 64
    pad: 1
    kernel_size: 3
  }
}
layer {
  name: "relu1_2"
  type: "ReLU"
  bottom: "conv1_2"
  top: "conv1_2"
}
layer {
  name: "pool1"
  type: "Pooling"
  bottom: "conv1_2"
  top: "pool1"
  pooling_param {
    pool: MAX
    kernel_size: 2
    stride: 2
  }
}
layer {
  name: "conv2_1"
  type: "Convolution"
  bottom: "pool1"
  top: "conv2_1"
  param {
    lr_mult: 0
    decay_mult: 1
  }
  param {
    lr_mult: 0
    decay_mult: 0
  }
  convolution_param {
    num_output: 128
    pad: 1
    kernel_size: 3
  }
}
layer {
  name: "relu2_1"
  type: "ReLU"
  bottom: "conv2_1"
  top: "conv2_1"
}
layer {
  name: "conv2_2"
  type: "Convolution"
  bottom: "conv2_1"
  top: "conv2_2"
  param {
    lr_mult: 0
    decay_mult: 1
  }
  param {
    lr_mult: 0
    decay_mult: 0
  }
  convolution_param {
    num_output: 128
    pad: 1
    kernel_size: 3
  }
}
layer {
  name: "relu2_2"
  type: "ReLU"
  bottom: "conv2_2"
  top: "conv2_2"
}
layer {
  name: "pool2"
  type: "Pooling"
  bottom: "conv2_2"
  top: "pool2"
  pooling_param {
    pool: MAX
    kernel_size: 2
    stride: 2
  }
}
layer {
  name: "conv3_1"
  type: "Convolution"
  bottom: "pool2"
  top: "conv3_1"
  param {
    lr_mult: 0
    decay_mult: 1
  }
  param {
    lr_mult: 0
    decay_mult: 0
  }
  convolution_param {
    num_output: 256
    pad: 1
    kernel_size: 3
  }
}
layer {
  name: "relu3_1"
  type: "ReLU"
  bottom: "conv3_1"
  top: "conv3_1"
}
layer {
  name: "conv3_2"
  type: "Convolution"
  bottom: "conv3_1"
  top: "conv3_2"
  param {
    lr_mult: 0
    decay_mult: 1
  }
  param {
    lr_mult: 0
    decay_mult: 0
  }
  convolution_param {
    num_output: 256
    pad: 1
    kernel_size: 3
  }
}
layer {
  name: "relu3_2"
  type: "ReLU"
  bottom: "conv3_2"
  top: "conv3_2"
}
layer {
  name: "conv3_3"
  type: "Convolution"
  bottom: "conv3_2"
  top: "conv3_3"
  param {
    lr_mult: 0
    decay_mult: 1
  }
  param {
    lr_mult: 0
    decay_mult: 0
  }
  convolution_param {
    num_output: 256
    pad: 1
    kernel_size: 3
  }
}
layer {
  name: "relu3_3"
  type: "ReLU"
  bottom: "conv3_3"
  top: "conv3_3"
}
layer {
  name: "pool3"
  type: "Pooling"
  bottom: "conv3_3"
  top: "pool3"
  pooling_param {
    pool: MAX
    kernel_size: 2
    stride: 2
  }
}
layer {
  name: "conv4_1"
  type: "Convolution"
  bottom: "pool3"
  top: "conv4_1"
  param {
    lr_mult: 0
    decay_mult: 1
  }
  param {
    lr_mult: 0
    decay_mult: 0
  }
  convolution_param {
    num_output: 512
    pad: 1
    kernel_size: 3
  }
}
layer {
  name: "relu4_1"
  type: "ReLU"
  bottom: "conv4_1"
  top: "conv4_1"
}
layer {
  name: "conv4_2"
  type: "Convolution"
  bottom: "conv4_1"
  top: "conv4_2"
  param {
    lr_mult: 0
    decay_mult: 1
  }
  param {
    lr_mult: 0
    decay_mult: 0
  }
  convolution_param {
    num_output: 512
    pad: 1
    kernel_size: 3
  }
}
layer {
  name: "relu4_2"
  type: "ReLU"
  bottom: "conv4_2"
  top: "conv4_2"
}
layer {
  name: "conv4_3"
  type: "Convolution"
  bottom: "conv4_2"
  top: "conv4_3"
  param {
    lr_mult: 0
    decay_mult: 1
  }
  param {
    lr_mult: 0
    decay_mult: 0
  }
  convolution_param {
    num_output: 512
    pad: 1
    kernel_size: 3
  }
}
layer {
  name: "relu4_3"
  type: "ReLU"
  bottom: "conv4_3"
  top: "conv4_3"
}
layer {
  name: "pool4"
  type: "Pooling"
  bottom: "conv4_3"
  top: "pool4"
  pooling_param {
    pool: MAX
    kernel_size: 2
    stride: 2
  }
}
layer {
  name: "conv5_1"
  type: "Convolution"
  bottom: "pool4"
  top: "conv5_1"
  param {
    lr_mult: 0
    decay_mult: 1
  }
  param {
    lr_mult: 0
    decay_mult: 0
  }
  convolution_param {
    num_output: 512
    pad: 1
    kernel_size: 3
  }
}
layer {
  name: "relu5_1"
  type: "ReLU"
  bottom: "conv5_1"
  top: "conv5_1"
}
layer {
  name: "conv5_2"
  type: "Convolution"
  bottom: "conv5_1"
  top: "conv5_2"
  param {
    lr_mult: 0
    decay_mult: 1
  }
  param {
    lr_mult: 0
    decay_mult: 0
  }
  convolution_param {
    num_output: 512
    pad: 1
    kernel_size: 3
  }
}
layer {
  name: "relu5_2"
  type: "ReLU"
  bottom: "conv5_2"
  top: "conv5_2"
}
layer {
  name: "conv5_3"
  type: "Convolution"
  bottom: "conv5_2"
  top: "conv5_3"
  param {
    lr_mult: 0
    decay_mult: 1
  }
  param {
    lr_mult: 0
    decay_mult: 0
  }
  convolution_param {
    num_output: 512
    pad: 1
    kernel_size: 3
  }
}
layer {
  name: "relu5_3"
  type: "ReLU"
  bottom: "conv5_3"
  top: "conv5_3"
}
layer {
  name: "pool5"
  type: "Pooling"
  bottom: "conv5_3"
  top: "pool5"
  pooling_param {
    pool: MAX
    kernel_size: 2
    stride: 2
  }
}
layer {
  name: "fc6"
  type: "InnerProduct"
  bottom: "pool5"
  top: "fc6"
  param {
    lr_mult: 0
    decay_mult: 1
  }
  param {
    lr_mult: 0
    decay_mult: 0
  }
  inner_product_param {
    num_output: 4096
  }
}
layer {
  name: "relu6"
  type: "ReLU"
  bottom: "fc6"
  top: "fc6"
}
layer {
  name: "drop6"
  type: "Dropout"
  bottom: "fc6"
  top: "fc6"
  dropout_param {
    dropout_ratio: 0.5
  }
}
layer {
  name: "fc7"
  type: "InnerProduct"
  bottom: "fc6"
  top: "fc7"
  param {
    lr_mult: 0
    decay_mult: 1
  }
  param {
    lr_mult: 0
    decay_mult: 0
  }
  inner_product_param {
    num_output: 4096
  }
}
layer {
  name: "relu7"
  type: "ReLU"
  bottom: "fc7"
  top: "fc7"
}
layer {
  name: "drop7"
  type: "Dropout"
  bottom: "fc7"
  top: "fc7"
  dropout_param {
    dropout_ratio: 0.5
  }
}
layer {
  name: "fc8_10"
  type: "InnerProduct"
  bottom: "fc7"
  top: "fc8_10"
  param {
    lr_mult: 1
    decay_mult: 1
  }
  param {
    lr_mult: 2
    decay_mult: 0
  }
  inner_product_param {
    num_output: 10
  }
}
layer {
  name: "loss"
  type: "SoftmaxWithLoss"
  bottom: "fc8_10"
  bottom: "label"
  top: "loss/loss"
}
I0730 00:19:52.629869  1917 layer_factory.hpp:77] Creating layer data
I0730 00:19:52.630360  1917 net.cpp:100] Creating Layer data
I0730 00:19:52.630456  1917 net.cpp:408] data -> data
I0730 00:19:52.630516  1917 net.cpp:408] data -> label
I0730 00:19:52.631353  1928 db_lmdb.cpp:35] Opened lmdb /home/ubuntu/distracteddriver/train_db
I0730 00:19:52.641118  1917 data_layer.cpp:41] output data size: 8,3,224,224
I0730 00:19:52.649755  1917 net.cpp:150] Setting up data
I0730 00:19:52.649799  1917 net.cpp:157] Top shape: 8 3 224 224 (1204224)
I0730 00:19:52.649808  1917 net.cpp:157] Top shape: 8 (8)
I0730 00:19:52.649813  1917 net.cpp:165] Memory required for data: 4816928
I0730 00:19:52.649828  1917 layer_factory.hpp:77] Creating layer conv1_1
I0730 00:19:52.649864  1917 net.cpp:100] Creating Layer conv1_1
I0730 00:19:52.649878  1917 net.cpp:434] conv1_1 <- data
I0730 00:19:52.649901  1917 net.cpp:408] conv1_1 -> conv1_1
I0730 00:19:52.651347  1917 net.cpp:150] Setting up conv1_1
I0730 00:19:52.651368  1917 net.cpp:157] Top shape: 8 64 224 224 (25690112)
I0730 00:19:52.651373  1917 net.cpp:165] Memory required for data: 107577376
I0730 00:19:52.651397  1917 layer_factory.hpp:77] Creating layer relu1_1
I0730 00:19:52.651418  1917 net.cpp:100] Creating Layer relu1_1
I0730 00:19:52.651424  1917 net.cpp:434] relu1_1 <- conv1_1
I0730 00:19:52.651432  1917 net.cpp:395] relu1_1 -> conv1_1 (in-place)
I0730 00:19:52.651445  1917 net.cpp:150] Setting up relu1_1
I0730 00:19:52.651454  1917 net.cpp:157] Top shape: 8 64 224 224 (25690112)
I0730 00:19:52.651459  1917 net.cpp:165] Memory required for data: 210337824
I0730 00:19:52.651463  1917 layer_factory.hpp:77] Creating layer conv1_2
I0730 00:19:52.651476  1917 net.cpp:100] Creating Layer conv1_2
I0730 00:19:52.651481  1917 net.cpp:434] conv1_2 <- conv1_1
I0730 00:19:52.651494  1917 net.cpp:408] conv1_2 -> conv1_2
I0730 00:19:52.652153  1917 net.cpp:150] Setting up conv1_2
I0730 00:19:52.652173  1917 net.cpp:157] Top shape: 8 64 224 224 (25690112)
I0730 00:19:52.652179  1917 net.cpp:165] Memory required for data: 313098272
I0730 00:19:52.652190  1917 layer_factory.hpp:77] Creating layer relu1_2
I0730 00:19:52.652199  1917 net.cpp:100] Creating Layer relu1_2
I0730 00:19:52.652204  1917 net.cpp:434] relu1_2 <- conv1_2
I0730 00:19:52.652215  1917 net.cpp:395] relu1_2 -> conv1_2 (in-place)
I0730 00:19:52.652227  1917 net.cpp:150] Setting up relu1_2
I0730 00:19:52.652235  1917 net.cpp:157] Top shape: 8 64 224 224 (25690112)
I0730 00:19:52.652238  1917 net.cpp:165] Memory required for data: 415858720
I0730 00:19:52.652243  1917 layer_factory.hpp:77] Creating layer pool1
I0730 00:19:52.652252  1917 net.cpp:100] Creating Layer pool1
I0730 00:19:52.652256  1917 net.cpp:434] pool1 <- conv1_2
I0730 00:19:52.652266  1917 net.cpp:408] pool1 -> pool1
I0730 00:19:52.652323  1917 net.cpp:150] Setting up pool1
I0730 00:19:52.652343  1917 net.cpp:157] Top shape: 8 64 112 112 (6422528)
I0730 00:19:52.652348  1917 net.cpp:165] Memory required for data: 441548832
I0730 00:19:52.652354  1917 layer_factory.hpp:77] Creating layer conv2_1
I0730 00:19:52.652364  1917 net.cpp:100] Creating Layer conv2_1
I0730 00:19:52.652369  1917 net.cpp:434] conv2_1 <- pool1
I0730 00:19:52.652379  1917 net.cpp:408] conv2_1 -> conv2_1
I0730 00:19:52.653648  1917 net.cpp:150] Setting up conv2_1
I0730 00:19:52.653671  1917 net.cpp:157] Top shape: 8 128 112 112 (12845056)
I0730 00:19:52.653676  1917 net.cpp:165] Memory required for data: 492929056
I0730 00:19:52.653689  1917 layer_factory.hpp:77] Creating layer relu2_1
I0730 00:19:52.653700  1917 net.cpp:100] Creating Layer relu2_1
I0730 00:19:52.653707  1917 net.cpp:434] relu2_1 <- conv2_1
I0730 00:19:52.653715  1917 net.cpp:395] relu2_1 -> conv2_1 (in-place)
I0730 00:19:52.653724  1917 net.cpp:150] Setting up relu2_1
I0730 00:19:52.653730  1917 net.cpp:157] Top shape: 8 128 112 112 (12845056)
I0730 00:19:52.653734  1917 net.cpp:165] Memory required for data: 544309280
I0730 00:19:52.653739  1917 layer_factory.hpp:77] Creating layer conv2_2
I0730 00:19:52.653753  1917 net.cpp:100] Creating Layer conv2_2
I0730 00:19:52.653760  1917 net.cpp:434] conv2_2 <- conv2_1
I0730 00:19:52.653769  1917 net.cpp:408] conv2_2 -> conv2_2
I0730 00:19:52.654072  1917 net.cpp:150] Setting up conv2_2
I0730 00:19:52.654090  1917 net.cpp:157] Top shape: 8 128 112 112 (12845056)
I0730 00:19:52.654119  1917 net.cpp:165] Memory required for data: 595689504
I0730 00:19:52.654129  1917 layer_factory.hpp:77] Creating layer relu2_2
I0730 00:19:52.654161  1917 net.cpp:100] Creating Layer relu2_2
I0730 00:19:52.654172  1917 net.cpp:434] relu2_2 <- conv2_2
I0730 00:19:52.654180  1917 net.cpp:395] relu2_2 -> conv2_2 (in-place)
I0730 00:19:52.654188  1917 net.cpp:150] Setting up relu2_2
I0730 00:19:52.654194  1917 net.cpp:157] Top shape: 8 128 112 112 (12845056)
I0730 00:19:52.654199  1917 net.cpp:165] Memory required for data: 647069728
I0730 00:19:52.654203  1917 layer_factory.hpp:77] Creating layer pool2
I0730 00:19:52.654214  1917 net.cpp:100] Creating Layer pool2
I0730 00:19:52.654219  1917 net.cpp:434] pool2 <- conv2_2
I0730 00:19:52.654227  1917 net.cpp:408] pool2 -> pool2
I0730 00:19:52.654269  1917 net.cpp:150] Setting up pool2
I0730 00:19:52.654284  1917 net.cpp:157] Top shape: 8 128 56 56 (3211264)
I0730 00:19:52.654289  1917 net.cpp:165] Memory required for data: 659914784
I0730 00:19:52.654294  1917 layer_factory.hpp:77] Creating layer conv3_1
I0730 00:19:52.654306  1917 net.cpp:100] Creating Layer conv3_1
I0730 00:19:52.654311  1917 net.cpp:434] conv3_1 <- pool2
I0730 00:19:52.654319  1917 net.cpp:408] conv3_1 -> conv3_1
I0730 00:19:52.655288  1917 net.cpp:150] Setting up conv3_1
I0730 00:19:52.655309  1917 net.cpp:157] Top shape: 8 256 56 56 (6422528)
I0730 00:19:52.655314  1917 net.cpp:165] Memory required for data: 685604896
I0730 00:19:52.655326  1917 layer_factory.hpp:77] Creating layer relu3_1
I0730 00:19:52.655334  1917 net.cpp:100] Creating Layer relu3_1
I0730 00:19:52.655339  1917 net.cpp:434] relu3_1 <- conv3_1
I0730 00:19:52.655351  1917 net.cpp:395] relu3_1 -> conv3_1 (in-place)
I0730 00:19:52.655362  1917 net.cpp:150] Setting up relu3_1
I0730 00:19:52.655369  1917 net.cpp:157] Top shape: 8 256 56 56 (6422528)
I0730 00:19:52.655372  1917 net.cpp:165] Memory required for data: 711295008
I0730 00:19:52.655377  1917 layer_factory.hpp:77] Creating layer conv3_2
I0730 00:19:52.655390  1917 net.cpp:100] Creating Layer conv3_2
I0730 00:19:52.655395  1917 net.cpp:434] conv3_2 <- conv3_1
I0730 00:19:52.655403  1917 net.cpp:408] conv3_2 -> conv3_2
I0730 00:19:52.657001  1917 net.cpp:150] Setting up conv3_2
I0730 00:19:52.657024  1917 net.cpp:157] Top shape: 8 256 56 56 (6422528)
I0730 00:19:52.657029  1917 net.cpp:165] Memory required for data: 736985120
I0730 00:19:52.657038  1917 layer_factory.hpp:77] Creating layer relu3_2
I0730 00:19:52.657047  1917 net.cpp:100] Creating Layer relu3_2
I0730 00:19:52.657052  1917 net.cpp:434] relu3_2 <- conv3_2
I0730 00:19:52.657058  1917 net.cpp:395] relu3_2 -> conv3_2 (in-place)
I0730 00:19:52.657068  1917 net.cpp:150] Setting up relu3_2
I0730 00:19:52.657073  1917 net.cpp:157] Top shape: 8 256 56 56 (6422528)
I0730 00:19:52.657078  1917 net.cpp:165] Memory required for data: 762675232
I0730 00:19:52.657083  1917 layer_factory.hpp:77] Creating layer conv3_3
I0730 00:19:52.657094  1917 net.cpp:100] Creating Layer conv3_3
I0730 00:19:52.657099  1917 net.cpp:434] conv3_3 <- conv3_2
I0730 00:19:52.657106  1917 net.cpp:408] conv3_3 -> conv3_3
I0730 00:19:52.658995  1917 net.cpp:150] Setting up conv3_3
I0730 00:19:52.659019  1917 net.cpp:157] Top shape: 8 256 56 56 (6422528)
I0730 00:19:52.659024  1917 net.cpp:165] Memory required for data: 788365344
I0730 00:19:52.659034  1917 layer_factory.hpp:77] Creating layer relu3_3
I0730 00:19:52.659049  1917 net.cpp:100] Creating Layer relu3_3
I0730 00:19:52.659054  1917 net.cpp:434] relu3_3 <- conv3_3
I0730 00:19:52.659063  1917 net.cpp:395] relu3_3 -> conv3_3 (in-place)
I0730 00:19:52.659080  1917 net.cpp:150] Setting up relu3_3
I0730 00:19:52.659086  1917 net.cpp:157] Top shape: 8 256 56 56 (6422528)
I0730 00:19:52.659090  1917 net.cpp:165] Memory required for data: 814055456
I0730 00:19:52.659096  1917 layer_factory.hpp:77] Creating layer pool3
I0730 00:19:52.659103  1917 net.cpp:100] Creating Layer pool3
I0730 00:19:52.659107  1917 net.cpp:434] pool3 <- conv3_3
I0730 00:19:52.659114  1917 net.cpp:408] pool3 -> pool3
I0730 00:19:52.659173  1917 net.cpp:150] Setting up pool3
I0730 00:19:52.659189  1917 net.cpp:157] Top shape: 8 256 28 28 (1605632)
I0730 00:19:52.659194  1917 net.cpp:165] Memory required for data: 820477984
I0730 00:19:52.659199  1917 layer_factory.hpp:77] Creating layer conv4_1
I0730 00:19:52.659212  1917 net.cpp:100] Creating Layer conv4_1
I0730 00:19:52.659217  1917 net.cpp:434] conv4_1 <- pool3
I0730 00:19:52.659226  1917 net.cpp:408] conv4_1 -> conv4_1
I0730 00:19:52.662587  1917 net.cpp:150] Setting up conv4_1
I0730 00:19:52.662611  1917 net.cpp:157] Top shape: 8 512 28 28 (3211264)
I0730 00:19:52.662616  1917 net.cpp:165] Memory required for data: 833323040
I0730 00:19:52.662626  1917 layer_factory.hpp:77] Creating layer relu4_1
I0730 00:19:52.662634  1917 net.cpp:100] Creating Layer relu4_1
I0730 00:19:52.662641  1917 net.cpp:434] relu4_1 <- conv4_1
I0730 00:19:52.662650  1917 net.cpp:395] relu4_1 -> conv4_1 (in-place)
I0730 00:19:52.662662  1917 net.cpp:150] Setting up relu4_1
I0730 00:19:52.662669  1917 net.cpp:157] Top shape: 8 512 28 28 (3211264)
I0730 00:19:52.662674  1917 net.cpp:165] Memory required for data: 846168096
I0730 00:19:52.662678  1917 layer_factory.hpp:77] Creating layer conv4_2
I0730 00:19:52.662688  1917 net.cpp:100] Creating Layer conv4_2
I0730 00:19:52.662693  1917 net.cpp:434] conv4_2 <- conv4_1
I0730 00:19:52.662703  1917 net.cpp:408] conv4_2 -> conv4_2
I0730 00:19:52.668267  1917 net.cpp:150] Setting up conv4_2
I0730 00:19:52.668293  1917 net.cpp:157] Top shape: 8 512 28 28 (3211264)
I0730 00:19:52.668298  1917 net.cpp:165] Memory required for data: 859013152
I0730 00:19:52.668318  1917 layer_factory.hpp:77] Creating layer relu4_2
I0730 00:19:52.668331  1917 net.cpp:100] Creating Layer relu4_2
I0730 00:19:52.668344  1917 net.cpp:434] relu4_2 <- conv4_2
I0730 00:19:52.668354  1917 net.cpp:395] relu4_2 -> conv4_2 (in-place)
I0730 00:19:52.668364  1917 net.cpp:150] Setting up relu4_2
I0730 00:19:52.668373  1917 net.cpp:157] Top shape: 8 512 28 28 (3211264)
I0730 00:19:52.668377  1917 net.cpp:165] Memory required for data: 871858208
I0730 00:19:52.668382  1917 layer_factory.hpp:77] Creating layer conv4_3
I0730 00:19:52.668393  1917 net.cpp:100] Creating Layer conv4_3
I0730 00:19:52.668397  1917 net.cpp:434] conv4_3 <- conv4_2
I0730 00:19:52.668408  1917 net.cpp:408] conv4_3 -> conv4_3
I0730 00:19:52.674121  1917 net.cpp:150] Setting up conv4_3
I0730 00:19:52.674167  1917 net.cpp:157] Top shape: 8 512 28 28 (3211264)
I0730 00:19:52.674173  1917 net.cpp:165] Memory required for data: 884703264
I0730 00:19:52.674185  1917 layer_factory.hpp:77] Creating layer relu4_3
I0730 00:19:52.674198  1917 net.cpp:100] Creating Layer relu4_3
I0730 00:19:52.674204  1917 net.cpp:434] relu4_3 <- conv4_3
I0730 00:19:52.674216  1917 net.cpp:395] relu4_3 -> conv4_3 (in-place)
I0730 00:19:52.674235  1917 net.cpp:150] Setting up relu4_3
I0730 00:19:52.674243  1917 net.cpp:157] Top shape: 8 512 28 28 (3211264)
I0730 00:19:52.674248  1917 net.cpp:165] Memory required for data: 897548320
I0730 00:19:52.674252  1917 layer_factory.hpp:77] Creating layer pool4
I0730 00:19:52.674263  1917 net.cpp:100] Creating Layer pool4
I0730 00:19:52.674268  1917 net.cpp:434] pool4 <- conv4_3
I0730 00:19:52.674278  1917 net.cpp:408] pool4 -> pool4
I0730 00:19:52.674322  1917 net.cpp:150] Setting up pool4
I0730 00:19:52.674340  1917 net.cpp:157] Top shape: 8 512 14 14 (802816)
I0730 00:19:52.674345  1917 net.cpp:165] Memory required for data: 900759584
I0730 00:19:52.674350  1917 layer_factory.hpp:77] Creating layer conv5_1
I0730 00:19:52.674362  1917 net.cpp:100] Creating Layer conv5_1
I0730 00:19:52.674367  1917 net.cpp:434] conv5_1 <- pool4
I0730 00:19:52.674378  1917 net.cpp:408] conv5_1 -> conv5_1
I0730 00:19:52.679949  1917 net.cpp:150] Setting up conv5_1
I0730 00:19:52.679972  1917 net.cpp:157] Top shape: 8 512 14 14 (802816)
I0730 00:19:52.679977  1917 net.cpp:165] Memory required for data: 903970848
I0730 00:19:52.679987  1917 layer_factory.hpp:77] Creating layer relu5_1
I0730 00:19:52.679999  1917 net.cpp:100] Creating Layer relu5_1
I0730 00:19:52.680022  1917 net.cpp:434] relu5_1 <- conv5_1
I0730 00:19:52.680030  1917 net.cpp:395] relu5_1 -> conv5_1 (in-place)
I0730 00:19:52.680040  1917 net.cpp:150] Setting up relu5_1
I0730 00:19:52.680047  1917 net.cpp:157] Top shape: 8 512 14 14 (802816)
I0730 00:19:52.680050  1917 net.cpp:165] Memory required for data: 907182112
I0730 00:19:52.680055  1917 layer_factory.hpp:77] Creating layer conv5_2
I0730 00:19:52.680068  1917 net.cpp:100] Creating Layer conv5_2
I0730 00:19:52.680084  1917 net.cpp:434] conv5_2 <- conv5_1
I0730 00:19:52.680095  1917 net.cpp:408] conv5_2 -> conv5_2
I0730 00:19:52.685519  1917 net.cpp:150] Setting up conv5_2
I0730 00:19:52.685542  1917 net.cpp:157] Top shape: 8 512 14 14 (802816)
I0730 00:19:52.685549  1917 net.cpp:165] Memory required for data: 910393376
I0730 00:19:52.685557  1917 layer_factory.hpp:77] Creating layer relu5_2
I0730 00:19:52.685566  1917 net.cpp:100] Creating Layer relu5_2
I0730 00:19:52.685571  1917 net.cpp:434] relu5_2 <- conv5_2
I0730 00:19:52.685578  1917 net.cpp:395] relu5_2 -> conv5_2 (in-place)
I0730 00:19:52.685587  1917 net.cpp:150] Setting up relu5_2
I0730 00:19:52.685593  1917 net.cpp:157] Top shape: 8 512 14 14 (802816)
I0730 00:19:52.685597  1917 net.cpp:165] Memory required for data: 913604640
I0730 00:19:52.685602  1917 layer_factory.hpp:77] Creating layer conv5_3
I0730 00:19:52.685614  1917 net.cpp:100] Creating Layer conv5_3
I0730 00:19:52.685619  1917 net.cpp:434] conv5_3 <- conv5_2
I0730 00:19:52.685628  1917 net.cpp:408] conv5_3 -> conv5_3
I0730 00:19:52.691124  1917 net.cpp:150] Setting up conv5_3
I0730 00:19:52.691150  1917 net.cpp:157] Top shape: 8 512 14 14 (802816)
I0730 00:19:52.691155  1917 net.cpp:165] Memory required for data: 916815904
I0730 00:19:52.691164  1917 layer_factory.hpp:77] Creating layer relu5_3
I0730 00:19:52.691174  1917 net.cpp:100] Creating Layer relu5_3
I0730 00:19:52.691179  1917 net.cpp:434] relu5_3 <- conv5_3
I0730 00:19:52.691189  1917 net.cpp:395] relu5_3 -> conv5_3 (in-place)
I0730 00:19:52.691198  1917 net.cpp:150] Setting up relu5_3
I0730 00:19:52.691205  1917 net.cpp:157] Top shape: 8 512 14 14 (802816)
I0730 00:19:52.691208  1917 net.cpp:165] Memory required for data: 920027168
I0730 00:19:52.691212  1917 layer_factory.hpp:77] Creating layer pool5
I0730 00:19:52.691222  1917 net.cpp:100] Creating Layer pool5
I0730 00:19:52.691226  1917 net.cpp:434] pool5 <- conv5_3
I0730 00:19:52.691233  1917 net.cpp:408] pool5 -> pool5
I0730 00:19:52.691280  1917 net.cpp:150] Setting up pool5
I0730 00:19:52.691296  1917 net.cpp:157] Top shape: 8 512 7 7 (200704)
I0730 00:19:52.691301  1917 net.cpp:165] Memory required for data: 920829984
I0730 00:19:52.691306  1917 layer_factory.hpp:77] Creating layer fc6
I0730 00:19:52.691330  1917 net.cpp:100] Creating Layer fc6
I0730 00:19:52.691342  1917 net.cpp:434] fc6 <- pool5
I0730 00:19:52.691354  1917 net.cpp:408] fc6 -> fc6
I0730 00:19:52.954301  1917 net.cpp:150] Setting up fc6
I0730 00:19:52.954355  1917 net.cpp:157] Top shape: 8 4096 (32768)
I0730 00:19:52.954362  1917 net.cpp:165] Memory required for data: 920961056
I0730 00:19:52.954376  1917 layer_factory.hpp:77] Creating layer relu6
I0730 00:19:52.954392  1917 net.cpp:100] Creating Layer relu6
I0730 00:19:52.954403  1917 net.cpp:434] relu6 <- fc6
I0730 00:19:52.954416  1917 net.cpp:395] relu6 -> fc6 (in-place)
I0730 00:19:52.954432  1917 net.cpp:150] Setting up relu6
I0730 00:19:52.954438  1917 net.cpp:157] Top shape: 8 4096 (32768)
I0730 00:19:52.954442  1917 net.cpp:165] Memory required for data: 921092128
I0730 00:19:52.954447  1917 layer_factory.hpp:77] Creating layer drop6
I0730 00:19:52.954463  1917 net.cpp:100] Creating Layer drop6
I0730 00:19:52.954474  1917 net.cpp:434] drop6 <- fc6
I0730 00:19:52.954481  1917 net.cpp:395] drop6 -> fc6 (in-place)
I0730 00:19:52.954525  1917 net.cpp:150] Setting up drop6
I0730 00:19:52.954550  1917 net.cpp:157] Top shape: 8 4096 (32768)
I0730 00:19:52.954555  1917 net.cpp:165] Memory required for data: 921223200
I0730 00:19:52.954560  1917 layer_factory.hpp:77] Creating layer fc7
I0730 00:19:52.954598  1917 net.cpp:100] Creating Layer fc7
I0730 00:19:52.954607  1917 net.cpp:434] fc7 <- fc6
I0730 00:19:52.954618  1917 net.cpp:408] fc7 -> fc7
I0730 00:19:52.996980  1917 net.cpp:150] Setting up fc7
I0730 00:19:52.997046  1917 net.cpp:157] Top shape: 8 4096 (32768)
I0730 00:19:52.997053  1917 net.cpp:165] Memory required for data: 921354272
I0730 00:19:52.997067  1917 layer_factory.hpp:77] Creating layer relu7
I0730 00:19:52.997084  1917 net.cpp:100] Creating Layer relu7
I0730 00:19:52.997092  1917 net.cpp:434] relu7 <- fc7
I0730 00:19:52.997104  1917 net.cpp:395] relu7 -> fc7 (in-place)
I0730 00:19:52.997120  1917 net.cpp:150] Setting up relu7
I0730 00:19:52.997135  1917 net.cpp:157] Top shape: 8 4096 (32768)
I0730 00:19:52.997139  1917 net.cpp:165] Memory required for data: 921485344
I0730 00:19:52.997144  1917 layer_factory.hpp:77] Creating layer drop7
I0730 00:19:52.997153  1917 net.cpp:100] Creating Layer drop7
I0730 00:19:52.997159  1917 net.cpp:434] drop7 <- fc7
I0730 00:19:52.997165  1917 net.cpp:395] drop7 -> fc7 (in-place)
I0730 00:19:52.997200  1917 net.cpp:150] Setting up drop7
I0730 00:19:52.997215  1917 net.cpp:157] Top shape: 8 4096 (32768)
I0730 00:19:52.997220  1917 net.cpp:165] Memory required for data: 921616416
I0730 00:19:52.997225  1917 layer_factory.hpp:77] Creating layer fc8_10
I0730 00:19:52.997238  1917 net.cpp:100] Creating Layer fc8_10
I0730 00:19:52.997243  1917 net.cpp:434] fc8_10 <- fc7
I0730 00:19:52.997251  1917 net.cpp:408] fc8_10 -> fc8_10
I0730 00:19:52.997403  1917 net.cpp:150] Setting up fc8_10
I0730 00:19:52.997421  1917 net.cpp:157] Top shape: 8 10 (80)
I0730 00:19:52.997426  1917 net.cpp:165] Memory required for data: 921616736
I0730 00:19:52.997434  1917 layer_factory.hpp:77] Creating layer loss
I0730 00:19:52.997450  1917 net.cpp:100] Creating Layer loss
I0730 00:19:52.997458  1917 net.cpp:434] loss <- fc8_10
I0730 00:19:52.997464  1917 net.cpp:434] loss <- label
I0730 00:19:52.997479  1917 net.cpp:408] loss -> loss/loss
I0730 00:19:52.997500  1917 layer_factory.hpp:77] Creating layer loss
I0730 00:19:52.997616  1917 net.cpp:150] Setting up loss
I0730 00:19:52.997632  1917 net.cpp:157] Top shape: (1)
I0730 00:19:52.997637  1917 net.cpp:160]     with loss weight 1
I0730 00:19:52.997671  1917 net.cpp:165] Memory required for data: 921616740
I0730 00:19:52.997676  1917 net.cpp:226] loss needs backward computation.
I0730 00:19:52.997683  1917 net.cpp:226] fc8_10 needs backward computation.
I0730 00:19:52.997686  1917 net.cpp:228] drop7 does not need backward computation.
I0730 00:19:52.997691  1917 net.cpp:228] relu7 does not need backward computation.
I0730 00:19:52.997695  1917 net.cpp:228] fc7 does not need backward computation.
I0730 00:19:52.997699  1917 net.cpp:228] drop6 does not need backward computation.
I0730 00:19:52.997704  1917 net.cpp:228] relu6 does not need backward computation.
I0730 00:19:52.997709  1917 net.cpp:228] fc6 does not need backward computation.
I0730 00:19:52.997716  1917 net.cpp:228] pool5 does not need backward computation.
I0730 00:19:52.997721  1917 net.cpp:228] relu5_3 does not need backward computation.
I0730 00:19:52.997725  1917 net.cpp:228] conv5_3 does not need backward computation.
I0730 00:19:52.997731  1917 net.cpp:228] relu5_2 does not need backward computation.
I0730 00:19:52.997735  1917 net.cpp:228] conv5_2 does not need backward computation.
I0730 00:19:52.997740  1917 net.cpp:228] relu5_1 does not need backward computation.
I0730 00:19:52.997745  1917 net.cpp:228] conv5_1 does not need backward computation.
I0730 00:19:52.997751  1917 net.cpp:228] pool4 does not need backward computation.
I0730 00:19:52.997756  1917 net.cpp:228] relu4_3 does not need backward computation.
I0730 00:19:52.997761  1917 net.cpp:228] conv4_3 does not need backward computation.
I0730 00:19:52.997766  1917 net.cpp:228] relu4_2 does not need backward computation.
I0730 00:19:52.997771  1917 net.cpp:228] conv4_2 does not need backward computation.
I0730 00:19:52.997776  1917 net.cpp:228] relu4_1 does not need backward computation.
I0730 00:19:52.997804  1917 net.cpp:228] conv4_1 does not need backward computation.
I0730 00:19:52.997810  1917 net.cpp:228] pool3 does not need backward computation.
I0730 00:19:52.997815  1917 net.cpp:228] relu3_3 does not need backward computation.
I0730 00:19:52.997820  1917 net.cpp:228] conv3_3 does not need backward computation.
I0730 00:19:52.997825  1917 net.cpp:228] relu3_2 does not need backward computation.
I0730 00:19:52.997829  1917 net.cpp:228] conv3_2 does not need backward computation.
I0730 00:19:52.997834  1917 net.cpp:228] relu3_1 does not need backward computation.
I0730 00:19:52.997839  1917 net.cpp:228] conv3_1 does not need backward computation.
I0730 00:19:52.997844  1917 net.cpp:228] pool2 does not need backward computation.
I0730 00:19:52.997849  1917 net.cpp:228] relu2_2 does not need backward computation.
I0730 00:19:52.997853  1917 net.cpp:228] conv2_2 does not need backward computation.
I0730 00:19:52.997859  1917 net.cpp:228] relu2_1 does not need backward computation.
I0730 00:19:52.997864  1917 net.cpp:228] conv2_1 does not need backward computation.
I0730 00:19:52.997869  1917 net.cpp:228] pool1 does not need backward computation.
I0730 00:19:52.997874  1917 net.cpp:228] relu1_2 does not need backward computation.
I0730 00:19:52.997879  1917 net.cpp:228] conv1_2 does not need backward computation.
I0730 00:19:52.997882  1917 net.cpp:228] relu1_1 does not need backward computation.
I0730 00:19:52.997887  1917 net.cpp:228] conv1_1 does not need backward computation.
I0730 00:19:52.997892  1917 net.cpp:228] data does not need backward computation.
I0730 00:19:52.997896  1917 net.cpp:270] This network produces output loss/loss
I0730 00:19:52.997923  1917 net.cpp:283] Network initialization done.
I0730 00:19:52.999070  1917 solver.cpp:181] Creating test net (#0) specified by test_net file: /home/ubuntu/git/distracteddriver/nets/vgg16/VGG_ILSVRC_16_layers_train_val.prototxt
I0730 00:19:52.999156  1917 net.cpp:322] The NetState phase (1) differed from the phase (0) specified by a rule in layer data
I0730 00:19:52.999449  1917 net.cpp:58] Initializing net from parameters: 
name: "VGG_ILSVRC_16_layers"
state {
  phase: TEST
}
layer {
  name: "data"
  type: "Data"
  top: "data"
  top: "label"
  include {
    phase: TEST
  }
  transform_param {
    mirror: false
    crop_size: 224
    mean_value: 104
    mean_value: 117
    mean_value: 123
  }
  data_param {
    source: "/home/ubuntu/distracteddriver/test_db"
    batch_size: 50
    backend: LMDB
  }
}
layer {
  name: "conv1_1"
  type: "Convolution"
  bottom: "data"
  top: "conv1_1"
  param {
    lr_mult: 0
    decay_mult: 1
  }
  param {
    lr_mult: 0
    decay_mult: 0
  }
  convolution_param {
    num_output: 64
    pad: 1
    kernel_size: 3
  }
}
layer {
  name: "relu1_1"
  type: "ReLU"
  bottom: "conv1_1"
  top: "conv1_1"
}
layer {
  name: "conv1_2"
  type: "Convolution"
  bottom: "conv1_1"
  top: "conv1_2"
  param {
    lr_mult: 0
    decay_mult: 1
  }
  param {
    lr_mult: 0
    decay_mult: 0
  }
  convolution_param {
    num_output: 64
    pad: 1
    kernel_size: 3
  }
}
layer {
  name: "relu1_2"
  type: "ReLU"
  bottom: "conv1_2"
  top: "conv1_2"
}
layer {
  name: "pool1"
  type: "Pooling"
  bottom: "conv1_2"
  top: "pool1"
  pooling_param {
    pool: MAX
    kernel_size: 2
    stride: 2
  }
}
layer {
  name: "conv2_1"
  type: "Convolution"
  bottom: "pool1"
  top: "conv2_1"
  param {
    lr_mult: 0
    decay_mult: 1
  }
  param {
    lr_mult: 0
    decay_mult: 0
  }
  convolution_param {
    num_output: 128
    pad: 1
    kernel_size: 3
  }
}
layer {
  name: "relu2_1"
  type: "ReLU"
  bottom: "conv2_1"
  top: "conv2_1"
}
layer {
  name: "conv2_2"
  type: "Convolution"
  bottom: "conv2_1"
  top: "conv2_2"
  param {
    lr_mult: 0
    decay_mult: 1
  }
  param {
    lr_mult: 0
    decay_mult: 0
  }
  convolution_param {
    num_output: 128
    pad: 1
    kernel_size: 3
  }
}
layer {
  name: "relu2_2"
  type: "ReLU"
  bottom: "conv2_2"
  top: "conv2_2"
}
layer {
  name: "pool2"
  type: "Pooling"
  bottom: "conv2_2"
  top: "pool2"
  pooling_param {
    pool: MAX
    kernel_size: 2
    stride: 2
  }
}
layer {
  name: "conv3_1"
  type: "Convolution"
  bottom: "pool2"
  top: "conv3_1"
  param {
    lr_mult: 0
    decay_mult: 1
  }
  param {
    lr_mult: 0
    decay_mult: 0
  }
  convolution_param {
    num_output: 256
    pad: 1
    kernel_size: 3
  }
}
layer {
  name: "relu3_1"
  type: "ReLU"
  bottom: "conv3_1"
  top: "conv3_1"
}
layer {
  name: "conv3_2"
  type: "Convolution"
  bottom: "conv3_1"
  top: "conv3_2"
  param {
    lr_mult: 0
    decay_mult: 1
  }
  param {
    lr_mult: 0
    decay_mult: 0
  }
  convolution_param {
    num_output: 256
    pad: 1
    kernel_size: 3
  }
}
layer {
  name: "relu3_2"
  type: "ReLU"
  bottom: "conv3_2"
  top: "conv3_2"
}
layer {
  name: "conv3_3"
  type: "Convolution"
  bottom: "conv3_2"
  top: "conv3_3"
  param {
    lr_mult: 0
    decay_mult: 1
  }
  param {
    lr_mult: 0
    decay_mult: 0
  }
  convolution_param {
    num_output: 256
    pad: 1
    kernel_size: 3
  }
}
layer {
  name: "relu3_3"
  type: "ReLU"
  bottom: "conv3_3"
  top: "conv3_3"
}
layer {
  name: "pool3"
  type: "Pooling"
  bottom: "conv3_3"
  top: "pool3"
  pooling_param {
    pool: MAX
    kernel_size: 2
    stride: 2
  }
}
layer {
  name: "conv4_1"
  type: "Convolution"
  bottom: "pool3"
  top: "conv4_1"
  param {
    lr_mult: 0
    decay_mult: 1
  }
  param {
    lr_mult: 0
    decay_mult: 0
  }
  convolution_param {
    num_output: 512
    pad: 1
    kernel_size: 3
  }
}
layer {
  name: "relu4_1"
  type: "ReLU"
  bottom: "conv4_1"
  top: "conv4_1"
}
layer {
  name: "conv4_2"
  type: "Convolution"
  bottom: "conv4_1"
  top: "conv4_2"
  param {
    lr_mult: 0
    decay_mult: 1
  }
  param {
    lr_mult: 0
    decay_mult: 0
  }
  convolution_param {
    num_output: 512
    pad: 1
    kernel_size: 3
  }
}
layer {
  name: "relu4_2"
  type: "ReLU"
  bottom: "conv4_2"
  top: "conv4_2"
}
layer {
  name: "conv4_3"
  type: "Convolution"
  bottom: "conv4_2"
  top: "conv4_3"
  param {
    lr_mult: 0
    decay_mult: 1
  }
  param {
    lr_mult: 0
    decay_mult: 0
  }
  convolution_param {
    num_output: 512
    pad: 1
    kernel_size: 3
  }
}
layer {
  name: "relu4_3"
  type: "ReLU"
  bottom: "conv4_3"
  top: "conv4_3"
}
layer {
  name: "pool4"
  type: "Pooling"
  bottom: "conv4_3"
  top: "pool4"
  pooling_param {
    pool: MAX
    kernel_size: 2
    stride: 2
  }
}
layer {
  name: "conv5_1"
  type: "Convolution"
  bottom: "pool4"
  top: "conv5_1"
  param {
    lr_mult: 0
    decay_mult: 1
  }
  param {
    lr_mult: 0
    decay_mult: 0
  }
  convolution_param {
    num_output: 512
    pad: 1
    kernel_size: 3
  }
}
layer {
  name: "relu5_1"
  type: "ReLU"
  bottom: "conv5_1"
  top: "conv5_1"
}
layer {
  name: "conv5_2"
  type: "Convolution"
  bottom: "conv5_1"
  top: "conv5_2"
  param {
    lr_mult: 0
    decay_mult: 1
  }
  param {
    lr_mult: 0
    decay_mult: 0
  }
  convolution_param {
    num_output: 512
    pad: 1
    kernel_size: 3
  }
}
layer {
  name: "relu5_2"
  type: "ReLU"
  bottom: "conv5_2"
  top: "conv5_2"
}
layer {
  name: "conv5_3"
  type: "Convolution"
  bottom: "conv5_2"
  top: "conv5_3"
  param {
    lr_mult: 0
    decay_mult: 1
  }
  param {
    lr_mult: 0
    decay_mult: 0
  }
  convolution_param {
    num_output: 512
    pad: 1
    kernel_size: 3
  }
}
layer {
  name: "relu5_3"
  type: "ReLU"
  bottom: "conv5_3"
  top: "conv5_3"
}
layer {
  name: "pool5"
  type: "Pooling"
  bottom: "conv5_3"
  top: "pool5"
  pooling_param {
    pool: MAX
    kernel_size: 2
    stride: 2
  }
}
layer {
  name: "fc6"
  type: "InnerProduct"
  bottom: "pool5"
  top: "fc6"
  param {
    lr_mult: 0
    decay_mult: 1
  }
  param {
    lr_mult: 0
    decay_mult: 0
  }
  inner_product_param {
    num_output: 4096
  }
}
layer {
  name: "relu6"
  type: "ReLU"
  bottom: "fc6"
  top: "fc6"
}
layer {
  name: "drop6"
  type: "Dropout"
  bottom: "fc6"
  top: "fc6"
  dropout_param {
    dropout_ratio: 0.5
  }
}
layer {
  name: "fc7"
  type: "InnerProduct"
  bottom: "fc6"
  top: "fc7"
  param {
    lr_mult: 0
    decay_mult: 1
  }
  param {
    lr_mult: 0
    decay_mult: 0
  }
  inner_product_param {
    num_output: 4096
  }
}
layer {
  name: "relu7"
  type: "ReLU"
  bottom: "fc7"
  top: "fc7"
}
layer {
  name: "drop7"
  type: "Dropout"
  bottom: "fc7"
  top: "fc7"
  dropout_param {
    dropout_ratio: 0.5
  }
}
layer {
  name: "fc8_10"
  type: "InnerProduct"
  bottom: "fc7"
  top: "fc8_10"
  param {
    lr_mult: 1
    decay_mult: 1
  }
  param {
    lr_mult: 2
    decay_mult: 0
  }
  inner_product_param {
    num_output: 10
  }
}
layer {
  name: "loss"
  type: "SoftmaxWithLoss"
  bottom: "fc8_10"
  bottom: "label"
  top: "loss/loss"
}
layer {
  name: "accuracy/top1"
  type: "Accuracy"
  bottom: "fc8_10"
  bottom: "label"
  top: "accuracy@1"
  include {
    phase: TEST
  }
  accuracy_param {
    top_k: 1
  }
}
layer {
  name: "accuracy/top5"
  type: "Accuracy"
  bottom: "fc8_10"
  bottom: "label"
  top: "accuracy@5"
  include {
    phase: TEST
  }
  accuracy_param {
    top_k: 5
  }
}
I0730 00:19:52.999723  1917 layer_factory.hpp:77] Creating layer data
I0730 00:19:53.000212  1917 net.cpp:100] Creating Layer data
I0730 00:19:53.000226  1917 net.cpp:408] data -> data
I0730 00:19:53.000241  1917 net.cpp:408] data -> label
I0730 00:19:53.001209  1930 db_lmdb.cpp:35] Opened lmdb /home/ubuntu/distracteddriver/test_db
I0730 00:19:53.001690  1917 data_layer.cpp:41] output data size: 50,3,224,224
I0730 00:19:53.060526  1917 net.cpp:150] Setting up data
I0730 00:19:53.060575  1917 net.cpp:157] Top shape: 50 3 224 224 (7526400)
I0730 00:19:53.060583  1917 net.cpp:157] Top shape: 50 (50)
I0730 00:19:53.060588  1917 net.cpp:165] Memory required for data: 30105800
I0730 00:19:53.060598  1917 layer_factory.hpp:77] Creating layer label_data_1_split
I0730 00:19:53.060627  1917 net.cpp:100] Creating Layer label_data_1_split
I0730 00:19:53.060634  1917 net.cpp:434] label_data_1_split <- label
I0730 00:19:53.060648  1917 net.cpp:408] label_data_1_split -> label_data_1_split_0
I0730 00:19:53.060667  1917 net.cpp:408] label_data_1_split -> label_data_1_split_1
I0730 00:19:53.060677  1917 net.cpp:408] label_data_1_split -> label_data_1_split_2
I0730 00:19:53.060781  1917 net.cpp:150] Setting up label_data_1_split
I0730 00:19:53.060799  1917 net.cpp:157] Top shape: 50 (50)
I0730 00:19:53.060806  1917 net.cpp:157] Top shape: 50 (50)
I0730 00:19:53.060811  1917 net.cpp:157] Top shape: 50 (50)
I0730 00:19:53.060816  1917 net.cpp:165] Memory required for data: 30106400
I0730 00:19:53.060820  1917 layer_factory.hpp:77] Creating layer conv1_1
I0730 00:19:53.060838  1917 net.cpp:100] Creating Layer conv1_1
I0730 00:19:53.060843  1917 net.cpp:434] conv1_1 <- data
I0730 00:19:53.060853  1917 net.cpp:408] conv1_1 -> conv1_1
I0730 00:19:53.061149  1917 net.cpp:150] Setting up conv1_1
I0730 00:19:53.061168  1917 net.cpp:157] Top shape: 50 64 224 224 (160563200)
I0730 00:19:53.061173  1917 net.cpp:165] Memory required for data: 672359200
I0730 00:19:53.061188  1917 layer_factory.hpp:77] Creating layer relu1_1
I0730 00:19:53.061198  1917 net.cpp:100] Creating Layer relu1_1
I0730 00:19:53.061203  1917 net.cpp:434] relu1_1 <- conv1_1
I0730 00:19:53.061210  1917 net.cpp:395] relu1_1 -> conv1_1 (in-place)
I0730 00:19:53.061219  1917 net.cpp:150] Setting up relu1_1
I0730 00:19:53.061225  1917 net.cpp:157] Top shape: 50 64 224 224 (160563200)
I0730 00:19:53.061229  1917 net.cpp:165] Memory required for data: 1314612000
I0730 00:19:53.061234  1917 layer_factory.hpp:77] Creating layer conv1_2
I0730 00:19:53.061247  1917 net.cpp:100] Creating Layer conv1_2
I0730 00:19:53.061252  1917 net.cpp:434] conv1_2 <- conv1_1
I0730 00:19:53.061267  1917 net.cpp:408] conv1_2 -> conv1_2
I0730 00:19:53.062242  1917 net.cpp:150] Setting up conv1_2
I0730 00:19:53.062264  1917 net.cpp:157] Top shape: 50 64 224 224 (160563200)
I0730 00:19:53.062270  1917 net.cpp:165] Memory required for data: 1956864800
I0730 00:19:53.062283  1917 layer_factory.hpp:77] Creating layer relu1_2
I0730 00:19:53.062293  1917 net.cpp:100] Creating Layer relu1_2
I0730 00:19:53.062297  1917 net.cpp:434] relu1_2 <- conv1_2
I0730 00:19:53.062305  1917 net.cpp:395] relu1_2 -> conv1_2 (in-place)
I0730 00:19:53.062338  1917 net.cpp:150] Setting up relu1_2
I0730 00:19:53.062353  1917 net.cpp:157] Top shape: 50 64 224 224 (160563200)
I0730 00:19:53.062358  1917 net.cpp:165] Memory required for data: 2599117600
I0730 00:19:53.062363  1917 layer_factory.hpp:77] Creating layer pool1
I0730 00:19:53.062374  1917 net.cpp:100] Creating Layer pool1
I0730 00:19:53.062379  1917 net.cpp:434] pool1 <- conv1_2
I0730 00:19:53.062389  1917 net.cpp:408] pool1 -> pool1
I0730 00:19:53.065815  1917 net.cpp:150] Setting up pool1
I0730 00:19:53.065834  1917 net.cpp:157] Top shape: 50 64 112 112 (40140800)
I0730 00:19:53.065839  1917 net.cpp:165] Memory required for data: 2759680800
I0730 00:19:53.065845  1917 layer_factory.hpp:77] Creating layer conv2_1
I0730 00:19:53.065857  1917 net.cpp:100] Creating Layer conv2_1
I0730 00:19:53.065865  1917 net.cpp:434] conv2_1 <- pool1
I0730 00:19:53.065873  1917 net.cpp:408] conv2_1 -> conv2_1
I0730 00:19:53.066702  1917 net.cpp:150] Setting up conv2_1
I0730 00:19:53.066727  1917 net.cpp:157] Top shape: 50 128 112 112 (80281600)
I0730 00:19:53.066733  1917 net.cpp:165] Memory required for data: 3080807200
I0730 00:19:53.066745  1917 layer_factory.hpp:77] Creating layer relu2_1
I0730 00:19:53.066756  1917 net.cpp:100] Creating Layer relu2_1
I0730 00:19:53.066761  1917 net.cpp:434] relu2_1 <- conv2_1
I0730 00:19:53.066768  1917 net.cpp:395] relu2_1 -> conv2_1 (in-place)
I0730 00:19:53.066777  1917 net.cpp:150] Setting up relu2_1
I0730 00:19:53.066783  1917 net.cpp:157] Top shape: 50 128 112 112 (80281600)
I0730 00:19:53.066787  1917 net.cpp:165] Memory required for data: 3401933600
I0730 00:19:53.066792  1917 layer_factory.hpp:77] Creating layer conv2_2
I0730 00:19:53.066804  1917 net.cpp:100] Creating Layer conv2_2
I0730 00:19:53.066809  1917 net.cpp:434] conv2_2 <- conv2_1
I0730 00:19:53.066823  1917 net.cpp:408] conv2_2 -> conv2_2
I0730 00:19:53.067186  1917 net.cpp:150] Setting up conv2_2
I0730 00:19:53.067203  1917 net.cpp:157] Top shape: 50 128 112 112 (80281600)
I0730 00:19:53.067208  1917 net.cpp:165] Memory required for data: 3723060000
I0730 00:19:53.067217  1917 layer_factory.hpp:77] Creating layer relu2_2
I0730 00:19:53.067224  1917 net.cpp:100] Creating Layer relu2_2
I0730 00:19:53.067229  1917 net.cpp:434] relu2_2 <- conv2_2
I0730 00:19:53.067239  1917 net.cpp:395] relu2_2 -> conv2_2 (in-place)
I0730 00:19:53.067247  1917 net.cpp:150] Setting up relu2_2
I0730 00:19:53.067253  1917 net.cpp:157] Top shape: 50 128 112 112 (80281600)
I0730 00:19:53.067257  1917 net.cpp:165] Memory required for data: 4044186400
I0730 00:19:53.067261  1917 layer_factory.hpp:77] Creating layer pool2
I0730 00:19:53.067270  1917 net.cpp:100] Creating Layer pool2
I0730 00:19:53.067275  1917 net.cpp:434] pool2 <- conv2_2
I0730 00:19:53.067283  1917 net.cpp:408] pool2 -> pool2
I0730 00:19:53.067329  1917 net.cpp:150] Setting up pool2
I0730 00:19:53.067345  1917 net.cpp:157] Top shape: 50 128 56 56 (20070400)
I0730 00:19:53.067349  1917 net.cpp:165] Memory required for data: 4124468000
I0730 00:19:53.067354  1917 layer_factory.hpp:77] Creating layer conv3_1
I0730 00:19:53.067366  1917 net.cpp:100] Creating Layer conv3_1
I0730 00:19:53.067371  1917 net.cpp:434] conv3_1 <- pool2
I0730 00:19:53.067379  1917 net.cpp:408] conv3_1 -> conv3_1
I0730 00:19:53.068397  1917 net.cpp:150] Setting up conv3_1
I0730 00:19:53.068416  1917 net.cpp:157] Top shape: 50 256 56 56 (40140800)
I0730 00:19:53.068421  1917 net.cpp:165] Memory required for data: 4285031200
I0730 00:19:53.068434  1917 layer_factory.hpp:77] Creating layer relu3_1
I0730 00:19:53.068445  1917 net.cpp:100] Creating Layer relu3_1
I0730 00:19:53.068450  1917 net.cpp:434] relu3_1 <- conv3_1
I0730 00:19:53.068459  1917 net.cpp:395] relu3_1 -> conv3_1 (in-place)
I0730 00:19:53.068467  1917 net.cpp:150] Setting up relu3_1
I0730 00:19:53.068473  1917 net.cpp:157] Top shape: 50 256 56 56 (40140800)
I0730 00:19:53.068477  1917 net.cpp:165] Memory required for data: 4445594400
I0730 00:19:53.068482  1917 layer_factory.hpp:77] Creating layer conv3_2
I0730 00:19:53.068512  1917 net.cpp:100] Creating Layer conv3_2
I0730 00:19:53.068517  1917 net.cpp:434] conv3_2 <- conv3_1
I0730 00:19:53.068526  1917 net.cpp:408] conv3_2 -> conv3_2
I0730 00:19:53.070240  1917 net.cpp:150] Setting up conv3_2
I0730 00:19:53.070261  1917 net.cpp:157] Top shape: 50 256 56 56 (40140800)
I0730 00:19:53.070266  1917 net.cpp:165] Memory required for data: 4606157600
I0730 00:19:53.070276  1917 layer_factory.hpp:77] Creating layer relu3_2
I0730 00:19:53.070287  1917 net.cpp:100] Creating Layer relu3_2
I0730 00:19:53.070292  1917 net.cpp:434] relu3_2 <- conv3_2
I0730 00:19:53.070299  1917 net.cpp:395] relu3_2 -> conv3_2 (in-place)
I0730 00:19:53.070308  1917 net.cpp:150] Setting up relu3_2
I0730 00:19:53.070314  1917 net.cpp:157] Top shape: 50 256 56 56 (40140800)
I0730 00:19:53.070318  1917 net.cpp:165] Memory required for data: 4766720800
I0730 00:19:53.070323  1917 layer_factory.hpp:77] Creating layer conv3_3
I0730 00:19:53.070340  1917 net.cpp:100] Creating Layer conv3_3
I0730 00:19:53.070346  1917 net.cpp:434] conv3_3 <- conv3_2
I0730 00:19:53.070355  1917 net.cpp:408] conv3_3 -> conv3_3
I0730 00:19:53.071957  1917 net.cpp:150] Setting up conv3_3
I0730 00:19:53.071980  1917 net.cpp:157] Top shape: 50 256 56 56 (40140800)
I0730 00:19:53.071985  1917 net.cpp:165] Memory required for data: 4927284000
I0730 00:19:53.071995  1917 layer_factory.hpp:77] Creating layer relu3_3
I0730 00:19:53.072005  1917 net.cpp:100] Creating Layer relu3_3
I0730 00:19:53.072010  1917 net.cpp:434] relu3_3 <- conv3_3
I0730 00:19:53.072017  1917 net.cpp:395] relu3_3 -> conv3_3 (in-place)
I0730 00:19:53.072029  1917 net.cpp:150] Setting up relu3_3
I0730 00:19:53.072036  1917 net.cpp:157] Top shape: 50 256 56 56 (40140800)
I0730 00:19:53.072041  1917 net.cpp:165] Memory required for data: 5087847200
I0730 00:19:53.072044  1917 layer_factory.hpp:77] Creating layer pool3
I0730 00:19:53.072053  1917 net.cpp:100] Creating Layer pool3
I0730 00:19:53.072057  1917 net.cpp:434] pool3 <- conv3_3
I0730 00:19:53.072064  1917 net.cpp:408] pool3 -> pool3
I0730 00:19:53.072115  1917 net.cpp:150] Setting up pool3
I0730 00:19:53.072131  1917 net.cpp:157] Top shape: 50 256 28 28 (10035200)
I0730 00:19:53.072136  1917 net.cpp:165] Memory required for data: 5127988000
I0730 00:19:53.072141  1917 layer_factory.hpp:77] Creating layer conv4_1
I0730 00:19:53.072170  1917 net.cpp:100] Creating Layer conv4_1
I0730 00:19:53.072177  1917 net.cpp:434] conv4_1 <- pool3
I0730 00:19:53.072186  1917 net.cpp:408] conv4_1 -> conv4_1
I0730 00:19:53.075124  1917 net.cpp:150] Setting up conv4_1
I0730 00:19:53.075153  1917 net.cpp:157] Top shape: 50 512 28 28 (20070400)
I0730 00:19:53.075160  1917 net.cpp:165] Memory required for data: 5208269600
I0730 00:19:53.075170  1917 layer_factory.hpp:77] Creating layer relu4_1
I0730 00:19:53.075181  1917 net.cpp:100] Creating Layer relu4_1
I0730 00:19:53.075189  1917 net.cpp:434] relu4_1 <- conv4_1
I0730 00:19:53.075201  1917 net.cpp:395] relu4_1 -> conv4_1 (in-place)
I0730 00:19:53.075212  1917 net.cpp:150] Setting up relu4_1
I0730 00:19:53.075218  1917 net.cpp:157] Top shape: 50 512 28 28 (20070400)
I0730 00:19:53.075222  1917 net.cpp:165] Memory required for data: 5288551200
I0730 00:19:53.075227  1917 layer_factory.hpp:77] Creating layer conv4_2
I0730 00:19:53.075242  1917 net.cpp:100] Creating Layer conv4_2
I0730 00:19:53.075247  1917 net.cpp:434] conv4_2 <- conv4_1
I0730 00:19:53.075253  1917 net.cpp:408] conv4_2 -> conv4_2
I0730 00:19:53.081042  1917 net.cpp:150] Setting up conv4_2
I0730 00:19:53.081084  1917 net.cpp:157] Top shape: 50 512 28 28 (20070400)
I0730 00:19:53.081089  1917 net.cpp:165] Memory required for data: 5368832800
I0730 00:19:53.081110  1917 layer_factory.hpp:77] Creating layer relu4_2
I0730 00:19:53.081127  1917 net.cpp:100] Creating Layer relu4_2
I0730 00:19:53.081135  1917 net.cpp:434] relu4_2 <- conv4_2
I0730 00:19:53.081146  1917 net.cpp:395] relu4_2 -> conv4_2 (in-place)
I0730 00:19:53.081159  1917 net.cpp:150] Setting up relu4_2
I0730 00:19:53.081166  1917 net.cpp:157] Top shape: 50 512 28 28 (20070400)
I0730 00:19:53.081202  1917 net.cpp:165] Memory required for data: 5449114400
I0730 00:19:53.081208  1917 layer_factory.hpp:77] Creating layer conv4_3
I0730 00:19:53.081225  1917 net.cpp:100] Creating Layer conv4_3
I0730 00:19:53.081230  1917 net.cpp:434] conv4_3 <- conv4_2
I0730 00:19:53.081238  1917 net.cpp:408] conv4_3 -> conv4_3
I0730 00:19:53.086982  1917 net.cpp:150] Setting up conv4_3
I0730 00:19:53.087025  1917 net.cpp:157] Top shape: 50 512 28 28 (20070400)
I0730 00:19:53.087031  1917 net.cpp:165] Memory required for data: 5529396000
I0730 00:19:53.087044  1917 layer_factory.hpp:77] Creating layer relu4_3
I0730 00:19:53.087057  1917 net.cpp:100] Creating Layer relu4_3
I0730 00:19:53.087064  1917 net.cpp:434] relu4_3 <- conv4_3
I0730 00:19:53.087074  1917 net.cpp:395] relu4_3 -> conv4_3 (in-place)
I0730 00:19:53.087087  1917 net.cpp:150] Setting up relu4_3
I0730 00:19:53.087093  1917 net.cpp:157] Top shape: 50 512 28 28 (20070400)
I0730 00:19:53.087097  1917 net.cpp:165] Memory required for data: 5609677600
I0730 00:19:53.087102  1917 layer_factory.hpp:77] Creating layer pool4
I0730 00:19:53.087111  1917 net.cpp:100] Creating Layer pool4
I0730 00:19:53.087116  1917 net.cpp:434] pool4 <- conv4_3
I0730 00:19:53.087126  1917 net.cpp:408] pool4 -> pool4
I0730 00:19:53.087174  1917 net.cpp:150] Setting up pool4
I0730 00:19:53.087190  1917 net.cpp:157] Top shape: 50 512 14 14 (5017600)
I0730 00:19:53.087195  1917 net.cpp:165] Memory required for data: 5629748000
I0730 00:19:53.087200  1917 layer_factory.hpp:77] Creating layer conv5_1
I0730 00:19:53.087219  1917 net.cpp:100] Creating Layer conv5_1
I0730 00:19:53.087225  1917 net.cpp:434] conv5_1 <- pool4
I0730 00:19:53.087232  1917 net.cpp:408] conv5_1 -> conv5_1
I0730 00:19:53.092980  1917 net.cpp:150] Setting up conv5_1
I0730 00:19:53.093019  1917 net.cpp:157] Top shape: 50 512 14 14 (5017600)
I0730 00:19:53.093024  1917 net.cpp:165] Memory required for data: 5649818400
I0730 00:19:53.093035  1917 layer_factory.hpp:77] Creating layer relu5_1
I0730 00:19:53.093050  1917 net.cpp:100] Creating Layer relu5_1
I0730 00:19:53.093060  1917 net.cpp:434] relu5_1 <- conv5_1
I0730 00:19:53.093068  1917 net.cpp:395] relu5_1 -> conv5_1 (in-place)
I0730 00:19:53.093080  1917 net.cpp:150] Setting up relu5_1
I0730 00:19:53.093087  1917 net.cpp:157] Top shape: 50 512 14 14 (5017600)
I0730 00:19:53.093091  1917 net.cpp:165] Memory required for data: 5669888800
I0730 00:19:53.093096  1917 layer_factory.hpp:77] Creating layer conv5_2
I0730 00:19:53.093112  1917 net.cpp:100] Creating Layer conv5_2
I0730 00:19:53.093117  1917 net.cpp:434] conv5_2 <- conv5_1
I0730 00:19:53.093127  1917 net.cpp:408] conv5_2 -> conv5_2
I0730 00:19:53.098748  1917 net.cpp:150] Setting up conv5_2
I0730 00:19:53.098778  1917 net.cpp:157] Top shape: 50 512 14 14 (5017600)
I0730 00:19:53.098783  1917 net.cpp:165] Memory required for data: 5689959200
I0730 00:19:53.098794  1917 layer_factory.hpp:77] Creating layer relu5_2
I0730 00:19:53.098805  1917 net.cpp:100] Creating Layer relu5_2
I0730 00:19:53.098811  1917 net.cpp:434] relu5_2 <- conv5_2
I0730 00:19:53.098821  1917 net.cpp:395] relu5_2 -> conv5_2 (in-place)
I0730 00:19:53.098834  1917 net.cpp:150] Setting up relu5_2
I0730 00:19:53.098840  1917 net.cpp:157] Top shape: 50 512 14 14 (5017600)
I0730 00:19:53.098845  1917 net.cpp:165] Memory required for data: 5710029600
I0730 00:19:53.098850  1917 layer_factory.hpp:77] Creating layer conv5_3
I0730 00:19:53.098860  1917 net.cpp:100] Creating Layer conv5_3
I0730 00:19:53.098865  1917 net.cpp:434] conv5_3 <- conv5_2
I0730 00:19:53.098875  1917 net.cpp:408] conv5_3 -> conv5_3
I0730 00:19:53.106369  1917 net.cpp:150] Setting up conv5_3
I0730 00:19:53.106400  1917 net.cpp:157] Top shape: 50 512 14 14 (5017600)
I0730 00:19:53.106405  1917 net.cpp:165] Memory required for data: 5730100000
I0730 00:19:53.106418  1917 layer_factory.hpp:77] Creating layer relu5_3
I0730 00:19:53.106431  1917 net.cpp:100] Creating Layer relu5_3
I0730 00:19:53.106438  1917 net.cpp:434] relu5_3 <- conv5_3
I0730 00:19:53.106474  1917 net.cpp:395] relu5_3 -> conv5_3 (in-place)
I0730 00:19:53.106487  1917 net.cpp:150] Setting up relu5_3
I0730 00:19:53.106494  1917 net.cpp:157] Top shape: 50 512 14 14 (5017600)
I0730 00:19:53.106498  1917 net.cpp:165] Memory required for data: 5750170400
I0730 00:19:53.106503  1917 layer_factory.hpp:77] Creating layer pool5
I0730 00:19:53.106523  1917 net.cpp:100] Creating Layer pool5
I0730 00:19:53.106528  1917 net.cpp:434] pool5 <- conv5_3
I0730 00:19:53.106534  1917 net.cpp:408] pool5 -> pool5
I0730 00:19:53.106586  1917 net.cpp:150] Setting up pool5
I0730 00:19:53.106607  1917 net.cpp:157] Top shape: 50 512 7 7 (1254400)
I0730 00:19:53.106612  1917 net.cpp:165] Memory required for data: 5755188000
I0730 00:19:53.106617  1917 layer_factory.hpp:77] Creating layer fc6
I0730 00:19:53.106628  1917 net.cpp:100] Creating Layer fc6
I0730 00:19:53.106632  1917 net.cpp:434] fc6 <- pool5
I0730 00:19:53.106640  1917 net.cpp:408] fc6 -> fc6
I0730 00:19:53.375835  1917 net.cpp:150] Setting up fc6
I0730 00:19:53.375892  1917 net.cpp:157] Top shape: 50 4096 (204800)
I0730 00:19:53.375898  1917 net.cpp:165] Memory required for data: 5756007200
I0730 00:19:53.375913  1917 layer_factory.hpp:77] Creating layer relu6
I0730 00:19:53.375934  1917 net.cpp:100] Creating Layer relu6
I0730 00:19:53.375942  1917 net.cpp:434] relu6 <- fc6
I0730 00:19:53.375953  1917 net.cpp:395] relu6 -> fc6 (in-place)
I0730 00:19:53.375968  1917 net.cpp:150] Setting up relu6
I0730 00:19:53.375975  1917 net.cpp:157] Top shape: 50 4096 (204800)
I0730 00:19:53.375979  1917 net.cpp:165] Memory required for data: 5756826400
I0730 00:19:53.375984  1917 layer_factory.hpp:77] Creating layer drop6
I0730 00:19:53.375994  1917 net.cpp:100] Creating Layer drop6
I0730 00:19:53.376004  1917 net.cpp:434] drop6 <- fc6
I0730 00:19:53.376013  1917 net.cpp:395] drop6 -> fc6 (in-place)
I0730 00:19:53.376052  1917 net.cpp:150] Setting up drop6
I0730 00:19:53.376068  1917 net.cpp:157] Top shape: 50 4096 (204800)
I0730 00:19:53.376073  1917 net.cpp:165] Memory required for data: 5757645600
I0730 00:19:53.376077  1917 layer_factory.hpp:77] Creating layer fc7
I0730 00:19:53.376092  1917 net.cpp:100] Creating Layer fc7
I0730 00:19:53.376097  1917 net.cpp:434] fc7 <- fc6
I0730 00:19:53.376106  1917 net.cpp:408] fc7 -> fc7
I0730 00:19:53.420138  1917 net.cpp:150] Setting up fc7
I0730 00:19:53.420202  1917 net.cpp:157] Top shape: 50 4096 (204800)
I0730 00:19:53.420207  1917 net.cpp:165] Memory required for data: 5758464800
I0730 00:19:53.420223  1917 layer_factory.hpp:77] Creating layer relu7
I0730 00:19:53.420240  1917 net.cpp:100] Creating Layer relu7
I0730 00:19:53.420248  1917 net.cpp:434] relu7 <- fc7
I0730 00:19:53.420258  1917 net.cpp:395] relu7 -> fc7 (in-place)
I0730 00:19:53.420274  1917 net.cpp:150] Setting up relu7
I0730 00:19:53.420280  1917 net.cpp:157] Top shape: 50 4096 (204800)
I0730 00:19:53.420284  1917 net.cpp:165] Memory required for data: 5759284000
I0730 00:19:53.420289  1917 layer_factory.hpp:77] Creating layer drop7
I0730 00:19:53.420298  1917 net.cpp:100] Creating Layer drop7
I0730 00:19:53.420303  1917 net.cpp:434] drop7 <- fc7
I0730 00:19:53.420313  1917 net.cpp:395] drop7 -> fc7 (in-place)
I0730 00:19:53.420351  1917 net.cpp:150] Setting up drop7
I0730 00:19:53.420372  1917 net.cpp:157] Top shape: 50 4096 (204800)
I0730 00:19:53.420392  1917 net.cpp:165] Memory required for data: 5760103200
I0730 00:19:53.420403  1917 layer_factory.hpp:77] Creating layer fc8_10
I0730 00:19:53.420419  1917 net.cpp:100] Creating Layer fc8_10
I0730 00:19:53.420428  1917 net.cpp:434] fc8_10 <- fc7
I0730 00:19:53.420447  1917 net.cpp:408] fc8_10 -> fc8_10
I0730 00:19:53.420629  1917 net.cpp:150] Setting up fc8_10
I0730 00:19:53.420647  1917 net.cpp:157] Top shape: 50 10 (500)
I0730 00:19:53.420652  1917 net.cpp:165] Memory required for data: 5760105200
I0730 00:19:53.420661  1917 layer_factory.hpp:77] Creating layer fc8_10_fc8_10_0_split
I0730 00:19:53.420673  1917 net.cpp:100] Creating Layer fc8_10_fc8_10_0_split
I0730 00:19:53.420680  1917 net.cpp:434] fc8_10_fc8_10_0_split <- fc8_10
I0730 00:19:53.420706  1917 net.cpp:408] fc8_10_fc8_10_0_split -> fc8_10_fc8_10_0_split_0
I0730 00:19:53.420716  1917 net.cpp:408] fc8_10_fc8_10_0_split -> fc8_10_fc8_10_0_split_1
I0730 00:19:53.420724  1917 net.cpp:408] fc8_10_fc8_10_0_split -> fc8_10_fc8_10_0_split_2
I0730 00:19:53.420789  1917 net.cpp:150] Setting up fc8_10_fc8_10_0_split
I0730 00:19:53.420806  1917 net.cpp:157] Top shape: 50 10 (500)
I0730 00:19:53.420812  1917 net.cpp:157] Top shape: 50 10 (500)
I0730 00:19:53.420817  1917 net.cpp:157] Top shape: 50 10 (500)
I0730 00:19:53.420821  1917 net.cpp:165] Memory required for data: 5760111200
I0730 00:19:53.420826  1917 layer_factory.hpp:77] Creating layer loss
I0730 00:19:53.420835  1917 net.cpp:100] Creating Layer loss
I0730 00:19:53.420840  1917 net.cpp:434] loss <- fc8_10_fc8_10_0_split_0
I0730 00:19:53.420846  1917 net.cpp:434] loss <- label_data_1_split_0
I0730 00:19:53.420856  1917 net.cpp:408] loss -> loss/loss
I0730 00:19:53.420869  1917 layer_factory.hpp:77] Creating layer loss
I0730 00:19:53.420967  1917 net.cpp:150] Setting up loss
I0730 00:19:53.420984  1917 net.cpp:157] Top shape: (1)
I0730 00:19:53.420989  1917 net.cpp:160]     with loss weight 1
I0730 00:19:53.421006  1917 net.cpp:165] Memory required for data: 5760111204
I0730 00:19:53.421011  1917 layer_factory.hpp:77] Creating layer accuracy/top1
I0730 00:19:53.421032  1917 net.cpp:100] Creating Layer accuracy/top1
I0730 00:19:53.421039  1917 net.cpp:434] accuracy/top1 <- fc8_10_fc8_10_0_split_1
I0730 00:19:53.421046  1917 net.cpp:434] accuracy/top1 <- label_data_1_split_1
I0730 00:19:53.421053  1917 net.cpp:408] accuracy/top1 -> accuracy@1
I0730 00:19:53.421071  1917 net.cpp:150] Setting up accuracy/top1
I0730 00:19:53.421078  1917 net.cpp:157] Top shape: (1)
I0730 00:19:53.421082  1917 net.cpp:165] Memory required for data: 5760111208
I0730 00:19:53.421087  1917 layer_factory.hpp:77] Creating layer accuracy/top5
I0730 00:19:53.421097  1917 net.cpp:100] Creating Layer accuracy/top5
I0730 00:19:53.421103  1917 net.cpp:434] accuracy/top5 <- fc8_10_fc8_10_0_split_2
I0730 00:19:53.421108  1917 net.cpp:434] accuracy/top5 <- label_data_1_split_2
I0730 00:19:53.421114  1917 net.cpp:408] accuracy/top5 -> accuracy@5
I0730 00:19:53.421124  1917 net.cpp:150] Setting up accuracy/top5
I0730 00:19:53.421130  1917 net.cpp:157] Top shape: (1)
I0730 00:19:53.421138  1917 net.cpp:165] Memory required for data: 5760111212
I0730 00:19:53.421142  1917 net.cpp:228] accuracy/top5 does not need backward computation.
I0730 00:19:53.421147  1917 net.cpp:228] accuracy/top1 does not need backward computation.
I0730 00:19:53.421152  1917 net.cpp:226] loss needs backward computation.
I0730 00:19:53.421157  1917 net.cpp:226] fc8_10_fc8_10_0_split needs backward computation.
I0730 00:19:53.421161  1917 net.cpp:226] fc8_10 needs backward computation.
I0730 00:19:53.421166  1917 net.cpp:228] drop7 does not need backward computation.
I0730 00:19:53.421170  1917 net.cpp:228] relu7 does not need backward computation.
I0730 00:19:53.421175  1917 net.cpp:228] fc7 does not need backward computation.
I0730 00:19:53.421178  1917 net.cpp:228] drop6 does not need backward computation.
I0730 00:19:53.421182  1917 net.cpp:228] relu6 does not need backward computation.
I0730 00:19:53.421187  1917 net.cpp:228] fc6 does not need backward computation.
I0730 00:19:53.421192  1917 net.cpp:228] pool5 does not need backward computation.
I0730 00:19:53.421197  1917 net.cpp:228] relu5_3 does not need backward computation.
I0730 00:19:53.421202  1917 net.cpp:228] conv5_3 does not need backward computation.
I0730 00:19:53.421206  1917 net.cpp:228] relu5_2 does not need backward computation.
I0730 00:19:53.421211  1917 net.cpp:228] conv5_2 does not need backward computation.
I0730 00:19:53.421216  1917 net.cpp:228] relu5_1 does not need backward computation.
I0730 00:19:53.421221  1917 net.cpp:228] conv5_1 does not need backward computation.
I0730 00:19:53.421226  1917 net.cpp:228] pool4 does not need backward computation.
I0730 00:19:53.421232  1917 net.cpp:228] relu4_3 does not need backward computation.
I0730 00:19:53.421248  1917 net.cpp:228] conv4_3 does not need backward computation.
I0730 00:19:53.421253  1917 net.cpp:228] relu4_2 does not need backward computation.
I0730 00:19:53.421258  1917 net.cpp:228] conv4_2 does not need backward computation.
I0730 00:19:53.421263  1917 net.cpp:228] relu4_1 does not need backward computation.
I0730 00:19:53.421267  1917 net.cpp:228] conv4_1 does not need backward computation.
I0730 00:19:53.421272  1917 net.cpp:228] pool3 does not need backward computation.
I0730 00:19:53.421277  1917 net.cpp:228] relu3_3 does not need backward computation.
I0730 00:19:53.421281  1917 net.cpp:228] conv3_3 does not need backward computation.
I0730 00:19:53.421286  1917 net.cpp:228] relu3_2 does not need backward computation.
I0730 00:19:53.421291  1917 net.cpp:228] conv3_2 does not need backward computation.
I0730 00:19:53.421296  1917 net.cpp:228] relu3_1 does not need backward computation.
I0730 00:19:53.421300  1917 net.cpp:228] conv3_1 does not need backward computation.
I0730 00:19:53.421305  1917 net.cpp:228] pool2 does not need backward computation.
I0730 00:19:53.421310  1917 net.cpp:228] relu2_2 does not need backward computation.
I0730 00:19:53.421314  1917 net.cpp:228] conv2_2 does not need backward computation.
I0730 00:19:53.421319  1917 net.cpp:228] relu2_1 does not need backward computation.
I0730 00:19:53.421324  1917 net.cpp:228] conv2_1 does not need backward computation.
I0730 00:19:53.421329  1917 net.cpp:228] pool1 does not need backward computation.
I0730 00:19:53.421334  1917 net.cpp:228] relu1_2 does not need backward computation.
I0730 00:19:53.421337  1917 net.cpp:228] conv1_2 does not need backward computation.
I0730 00:19:53.421342  1917 net.cpp:228] relu1_1 does not need backward computation.
I0730 00:19:53.421346  1917 net.cpp:228] conv1_1 does not need backward computation.
I0730 00:19:53.421351  1917 net.cpp:228] label_data_1_split does not need backward computation.
I0730 00:19:53.421356  1917 net.cpp:228] data does not need backward computation.
I0730 00:19:53.421360  1917 net.cpp:270] This network produces output accuracy@1
I0730 00:19:53.421365  1917 net.cpp:270] This network produces output accuracy@5
I0730 00:19:53.421370  1917 net.cpp:270] This network produces output loss/loss
I0730 00:19:53.421398  1917 net.cpp:283] Network initialization done.
I0730 00:19:53.421610  1917 solver.cpp:60] Solver scaffolding done.
I0730 00:19:53.423125  1917 caffe.cpp:155] Finetuning from weights/VGG_ILSVRC_16_layers.caffemodel
[libprotobuf WARNING google/protobuf/io/coded_stream.cc:505] Reading dangerously large protocol message.  If the message turns out to be larger than 2147483647 bytes, parsing will be halted for security reasons.  To increase the limit (or to disable these warnings), see CodedInputStream::SetTotalBytesLimit() in google/protobuf/io/coded_stream.h.
[libprotobuf WARNING google/protobuf/io/coded_stream.cc:78] The total number of bytes read was 553432081
I0730 00:19:54.376978  1917 upgrade_proto.cpp:52] Attempting to upgrade input file specified using deprecated V1LayerParameter: weights/VGG_ILSVRC_16_layers.caffemodel
I0730 00:19:54.839587  1917 upgrade_proto.cpp:60] Successfully upgraded file specified using deprecated V1LayerParameter
I0730 00:19:54.841480  1917 upgrade_proto.cpp:66] Attempting to upgrade input file specified using deprecated input fields: weights/VGG_ILSVRC_16_layers.caffemodel
I0730 00:19:54.841501  1917 upgrade_proto.cpp:69] Successfully upgraded file specified using deprecated input fields.
W0730 00:19:54.841508  1917 upgrade_proto.cpp:71] Note that future Caffe releases will only support input layers and not input fields.
I0730 00:19:54.959101  1917 net.cpp:761] Ignoring source layer fc8
I0730 00:19:54.959152  1917 net.cpp:761] Ignoring source layer prob
[libprotobuf WARNING google/protobuf/io/coded_stream.cc:505] Reading dangerously large protocol message.  If the message turns out to be larger than 2147483647 bytes, parsing will be halted for security reasons.  To increase the limit (or to disable these warnings), see CodedInputStream::SetTotalBytesLimit() in google/protobuf/io/coded_stream.h.
[libprotobuf WARNING google/protobuf/io/coded_stream.cc:78] The total number of bytes read was 553432081
I0730 00:19:55.916541  1917 upgrade_proto.cpp:52] Attempting to upgrade input file specified using deprecated V1LayerParameter: weights/VGG_ILSVRC_16_layers.caffemodel
I0730 00:19:56.375583  1917 upgrade_proto.cpp:60] Successfully upgraded file specified using deprecated V1LayerParameter
I0730 00:19:56.377429  1917 upgrade_proto.cpp:66] Attempting to upgrade input file specified using deprecated input fields: weights/VGG_ILSVRC_16_layers.caffemodel
I0730 00:19:56.377450  1917 upgrade_proto.cpp:69] Successfully upgraded file specified using deprecated input fields.
W0730 00:19:56.377455  1917 upgrade_proto.cpp:71] Note that future Caffe releases will only support input layers and not input fields.
I0730 00:19:56.497843  1917 net.cpp:761] Ignoring source layer fc8
I0730 00:19:56.497905  1917 net.cpp:761] Ignoring source layer prob
I0730 00:19:56.504050  1917 caffe.cpp:251] Starting Optimization
I0730 00:19:56.504103  1917 solver.cpp:279] Solving VGG_ILSVRC_16_layers
I0730 00:19:56.504109  1917 solver.cpp:280] Learning Rate Policy: step
I0730 00:19:56.506296  1917 solver.cpp:337] Iteration 0, Testing net (#0)
F0730 00:19:58.123265  1917 syncedmem.cpp:56] Check failed: error == cudaSuccess (2 vs. 0)  out of memory
*** Check failure stack trace: ***
    @     0x7f77e97c4daa  (unknown)
    @     0x7f77e97c4ce4  (unknown)
    @     0x7f77e97c46e6  (unknown)
    @     0x7f77e97c7687  (unknown)
    @     0x7f77e9dc2981  caffe::SyncedMemory::to_gpu()
    @     0x7f77e9dc1ce9  caffe::SyncedMemory::mutable_gpu_data()
    @     0x7f77e9db5342  caffe::Blob<>::mutable_gpu_data()
    @     0x7f77e9e84458  caffe::BaseConvolutionLayer<>::forward_gpu_gemm()
    @     0x7f77e9f5bc16  caffe::ConvolutionLayer<>::Forward_gpu()
    @     0x7f77e9dde115  caffe::Net<>::ForwardFromTo()
    @     0x7f77e9dde487  caffe::Net<>::Forward()
    @     0x7f77e9ef740c  caffe::Solver<>::Test()
    @     0x7f77e9ef7d3e  caffe::Solver<>::TestAll()
    @     0x7f77e9ef7e30  caffe::Solver<>::Step()
    @     0x7f77e9ef87f9  caffe::Solver<>::Solve()
    @           0x40876b  train()
    @           0x405b6c  main
    @     0x7f77e87cfec5  (unknown)
    @           0x4063db  (unknown)
    @              (nil)  (unknown)
